ultima fecha para control de ejecucion: 2021-07-01 00:00:00
Fecha:  2021-07-08 22:52:31.410832 - Datos Trafico promedios en indice principal: 410
actualizada fecha control de ejecucion: 2021-07-01 01:00:00
ultima fecha para control de ejecucion: 2021-07-01 01:00:00
Fecha:  2021-07-08 22:53:07.290328 - Datos Trafico promedios en indice principal: 411
actualizada fecha control de ejecucion: 2021-07-01 02:00:00
ultima fecha para control de ejecucion: 2021-07-01 02:00:00
Fecha:  2021-07-08 22:53:37.910707 - Datos Trafico promedios en indice principal: 411
actualizada fecha control de ejecucion: 2021-07-01 03:00:00
ultima fecha para control de ejecucion: 2021-07-01 03:00:00
Fecha:  2021-07-08 22:54:11.728306 - Datos Trafico promedios en indice principal: 411
actualizada fecha control de ejecucion: 2021-07-01 04:00:00
ultima fecha para control de ejecucion: 2021-07-01 04:00:00
Fecha:  2021-07-08 22:54:49.326537 - Datos Trafico promedios en indice principal: 411
actualizada fecha control de ejecucion: 2021-07-01 05:00:00
ultima fecha para control de ejecucion: 2021-07-01 05:00:00
Fecha:  2021-07-08 22:55:25.804451 - Datos Trafico promedios en indice principal: 411
actualizada fecha control de ejecucion: 2021-07-01 06:00:00
ultima fecha para control de ejecucion: 2021-07-01 06:00:00
Fecha:  2021-07-08 22:56:21.627909 - Datos Trafico promedios en indice principal: 411
actualizada fecha control de ejecucion: 2021-07-01 07:00:00
ultima fecha para control de ejecucion: 2021-07-01 07:00:00
Fecha:  2021-07-08 22:56:56.275493 - Datos Trafico promedios en indice principal: 411
actualizada fecha control de ejecucion: 2021-07-01 08:00:00
ultima fecha para control de ejecucion: 2021-07-01 08:00:00
Fecha:  2021-07-08 22:57:38.320126 - Datos Trafico promedios en indice principal: 411
actualizada fecha control de ejecucion: 2021-07-01 09:00:00
ultima fecha para control de ejecucion: 2021-07-01 09:00:00
Fecha:  2021-07-08 22:58:19.892572 - Datos Trafico promedios en indice principal: 411
actualizada fecha control de ejecucion: 2021-07-01 10:00:00
ultima fecha para control de ejecucion: 2021-07-01 10:00:00
Fecha:  2021-07-08 22:59:02.526476 - Datos Trafico promedios en indice principal: 411
actualizada fecha control de ejecucion: 2021-07-01 11:00:00
ultima fecha para control de ejecucion: 2021-07-01 11:00:00
Fecha:  2021-07-08 22:59:39.444416 - Datos Trafico promedios en indice principal: 411
actualizada fecha control de ejecucion: 2021-07-01 12:00:00
ultima fecha para control de ejecucion: 2021-07-01 12:00:00
Fecha:  2021-07-08 23:00:31.184591 - Datos Trafico promedios en indice principal: 411
actualizada fecha control de ejecucion: 2021-07-01 13:00:00
ultima fecha para control de ejecucion: 2021-07-01 13:00:00
Fecha:  2021-07-08 23:01:25.714400 - Datos Trafico promedios en indice principal: 414
actualizada fecha control de ejecucion: 2021-07-01 14:00:00
ultima fecha para control de ejecucion: 2021-07-01 14:00:00
Fecha:  2021-07-08 23:02:21.279323 - Datos Trafico promedios en indice principal: 417
actualizada fecha control de ejecucion: 2021-07-01 15:00:00
ultima fecha para control de ejecucion: 2021-07-01 15:00:00
Fecha:  2021-07-08 23:03:18.877731 - Datos Trafico promedios en indice principal: 419
actualizada fecha control de ejecucion: 2021-07-01 16:00:00
ultima fecha para control de ejecucion: 2021-07-01 16:00:00
Fecha:  2021-07-08 23:04:13.587495 - Datos Trafico promedios en indice principal: 409
actualizada fecha control de ejecucion: 2021-07-01 17:00:00
ultima fecha para control de ejecucion: 2021-07-01 17:00:00
Fecha:  2021-07-08 23:05:04.142675 - Datos Trafico promedios en indice principal: 422
actualizada fecha control de ejecucion: 2021-07-01 18:00:00
ultima fecha para control de ejecucion: 2021-07-01 18:00:00
Fecha:  2021-07-08 23:06:02.636572 - Datos Trafico promedios en indice principal: 423
actualizada fecha control de ejecucion: 2021-07-01 19:00:00
ultima fecha para control de ejecucion: 2021-07-01 19:00:00
Fecha:  2021-07-08 23:07:37.485276 - Datos Trafico promedios en indice principal: 410
actualizada fecha control de ejecucion: 2021-07-01 20:00:00
ultima fecha para control de ejecucion: 2021-07-01 20:00:00
Fecha:  2021-07-08 23:08:16.240543 - Datos Trafico promedios en indice principal: 423
actualizada fecha control de ejecucion: 2021-07-01 21:00:00
ultima fecha para control de ejecucion: 2021-07-01 21:00:00
Fecha:  2021-07-08 23:09:36.913980 - Datos Trafico promedios en indice principal: 423
actualizada fecha control de ejecucion: 2021-07-01 22:00:00
ultima fecha para control de ejecucion: 2021-07-01 22:00:00
Fecha:  2021-07-08 23:10:52.222222 - Datos Trafico promedios en indice principal: 423
actualizada fecha control de ejecucion: 2021-07-01 23:00:00
ultima fecha para control de ejecucion: 2021-07-01 23:00:00
Fecha:  2021-07-08 23:12:25.585037 - Datos Trafico promedios en indice principal: 423
actualizada fecha control de ejecucion: 2021-07-02 00:00:00
ultima fecha para control de ejecucion: 2021-07-02 00:00:00
Fecha:  2021-07-08 23:13:53.365171 - Datos Trafico promedios en indice principal: 423
actualizada fecha control de ejecucion: 2021-07-02 01:00:00
ultima fecha para control de ejecucion: 2021-07-02 01:00:00
Fecha:  2021-07-08 23:15:09.013390 - Datos Trafico promedios en indice principal: 423
actualizada fecha control de ejecucion: 2021-07-02 02:00:00
ultima fecha para control de ejecucion: 2021-07-02 02:00:00
Fecha:  2021-07-08 23:16:42.896430 - Datos Trafico promedios en indice principal: 423
actualizada fecha control de ejecucion: 2021-07-02 03:00:00
ultima fecha para control de ejecucion: 2021-07-02 03:00:00
Fecha:  2021-07-08 23:18:16.304019 - Datos Trafico promedios en indice principal: 423
actualizada fecha control de ejecucion: 2021-07-02 04:00:00
ultima fecha para control de ejecucion: 2021-07-02 04:00:00
Fecha:  2021-07-08 23:19:51.165491 - Datos Trafico promedios en indice principal: 423
actualizada fecha control de ejecucion: 2021-07-02 05:00:00
ultima fecha para control de ejecucion: 2021-07-02 05:00:00
Fecha:  2021-07-08 23:21:40.557442 - Datos Trafico promedios en indice principal: 423
actualizada fecha control de ejecucion: 2021-07-02 06:00:00
ultima fecha para control de ejecucion: 2021-07-02 06:00:00
Fecha:  2021-07-08 23:23:24.529447 - Datos Trafico promedios en indice principal: 423
actualizada fecha control de ejecucion: 2021-07-02 07:00:00
ultima fecha para control de ejecucion: 2021-07-02 07:00:00
Fecha:  2021-07-08 23:25:05.369771 - Datos Trafico promedios en indice principal: 422
actualizada fecha control de ejecucion: 2021-07-02 08:00:00
ultima fecha para control de ejecucion: 2021-07-02 08:00:00
Fecha:  2021-07-08 23:26:53.631558 - Datos Trafico promedios en indice principal: 423
actualizada fecha control de ejecucion: 2021-07-02 09:00:00
ultima fecha para control de ejecucion: 2021-07-02 09:00:00
Fecha:  2021-07-08 23:28:39.110065 - Datos Trafico promedios en indice principal: 423
actualizada fecha control de ejecucion: 2021-07-02 10:00:00
ultima fecha para control de ejecucion: 2021-07-02 10:00:00
Fecha:  2021-07-08 23:30:40.098615 - Datos Trafico promedios en indice principal: 424
actualizada fecha control de ejecucion: 2021-07-02 11:00:00
ultima fecha para control de ejecucion: 2021-07-02 11:00:00
Fecha:  2021-07-08 23:32:37.313901 - Datos Trafico promedios en indice principal: 424
actualizada fecha control de ejecucion: 2021-07-02 12:00:00
ultima fecha para control de ejecucion: 2021-07-02 12:00:00
Fecha:  2021-07-08 23:34:37.008350 - Datos Trafico promedios en indice principal: 424
actualizada fecha control de ejecucion: 2021-07-02 13:00:00
ultima fecha para control de ejecucion: 2021-07-02 13:00:00
Fecha:  2021-07-08 23:36:35.855999 - Datos Trafico promedios en indice principal: 427
actualizada fecha control de ejecucion: 2021-07-02 14:00:00
ultima fecha para control de ejecucion: 2021-07-02 14:00:00
Fecha:  2021-07-08 23:38:22.245875 - Datos Trafico promedios en indice principal: 426
actualizada fecha control de ejecucion: 2021-07-02 15:00:00
ultima fecha para control de ejecucion: 2021-07-02 15:00:00
Fecha:  2021-07-08 23:40:03.209229 - Datos Trafico promedios en indice principal: 428
actualizada fecha control de ejecucion: 2021-07-02 16:00:00
ultima fecha para control de ejecucion: 2021-07-02 16:00:00
Fecha:  2021-07-08 23:42:11.291044 - Datos Trafico promedios en indice principal: 429
actualizada fecha control de ejecucion: 2021-07-02 17:00:00
ultima fecha para control de ejecucion: 2021-07-02 17:00:00
Fecha:  2021-07-08 23:44:16.767812 - Datos Trafico promedios en indice principal: 423
actualizada fecha control de ejecucion: 2021-07-02 18:00:00
ultima fecha para control de ejecucion: 2021-07-02 18:00:00
Fecha:  2021-07-08 23:45:18.459006 - Datos Trafico promedios en indice principal: 433
actualizada fecha control de ejecucion: 2021-07-02 19:00:00
ultima fecha para control de ejecucion: 2021-07-02 19:00:00
Fecha:  2021-07-08 23:48:36.774483 - Datos Trafico promedios en indice principal: 433
actualizada fecha control de ejecucion: 2021-07-02 20:00:00
ultima fecha para control de ejecucion: 2021-07-02 20:00:00
Fecha:  2021-07-08 23:50:17.788030 - Datos Trafico promedios en indice principal: 433
actualizada fecha control de ejecucion: 2021-07-02 21:00:00
ultima fecha para control de ejecucion: 2021-07-02 21:00:00
Fecha:  2021-07-08 23:53:11.836067 - Datos Trafico promedios en indice principal: 433
actualizada fecha control de ejecucion: 2021-07-02 22:00:00
ultima fecha para control de ejecucion: 2021-07-02 22:00:00
Fecha:  2021-07-08 23:55:28.230504 - Datos Trafico promedios en indice principal: 433
actualizada fecha control de ejecucion: 2021-07-02 23:00:00
ultima fecha para control de ejecucion: 2021-07-02 23:00:00
Fecha:  2021-07-08 23:58:20.346480 - Datos Trafico promedios en indice principal: 433
actualizada fecha control de ejecucion: 2021-07-03 00:00:00
ultima fecha para control de ejecucion: 2021-07-03 00:00:00
Fecha:  2021-07-09 00:01:03.565607 - Datos Trafico promedios en indice principal: 433
actualizada fecha control de ejecucion: 2021-07-03 01:00:00
ultima fecha para control de ejecucion: 2021-07-03 01:00:00
Fecha:  2021-07-09 00:04:13.411716 - Datos Trafico promedios en indice principal: 433
actualizada fecha control de ejecucion: 2021-07-03 02:00:00
ultima fecha para control de ejecucion: 2021-07-03 02:00:00
Fecha:  2021-07-09 00:06:36.464531 - Datos Trafico promedios en indice principal: 433
actualizada fecha control de ejecucion: 2021-07-03 03:00:00
ultima fecha para control de ejecucion: 2021-07-03 03:00:00
Fecha:  2021-07-09 00:08:26.740701 - Datos Trafico promedios en indice principal: 424
actualizada fecha control de ejecucion: 2021-07-03 04:00:00
ultima fecha para control de ejecucion: 2021-07-03 04:00:00
Fecha:  2021-07-09 00:09:24.917267 - Datos Trafico promedios en indice principal: 433
actualizada fecha control de ejecucion: 2021-07-03 05:00:00
ultima fecha para control de ejecucion: 2021-07-03 05:00:00
Fecha:  2021-07-09 00:11:14.153619 - Datos Trafico promedios en indice principal: 433
actualizada fecha control de ejecucion: 2021-07-03 06:00:00
ultima fecha para control de ejecucion: 2021-07-03 06:00:00
Fecha:  2021-07-09 00:12:59.434279 - Datos Trafico promedios en indice principal: 433
actualizada fecha control de ejecucion: 2021-07-03 07:00:00
ultima fecha para control de ejecucion: 2021-07-03 07:00:00
Fecha:  2021-07-09 00:14:54.502753 - Datos Trafico promedios en indice principal: 433
actualizada fecha control de ejecucion: 2021-07-03 08:00:00
ultima fecha para control de ejecucion: 2021-07-03 08:00:00
Fecha:  2021-07-09 00:17:29.622709 - Datos Trafico promedios en indice principal: 433
actualizada fecha control de ejecucion: 2021-07-03 09:00:00
ultima fecha para control de ejecucion: 2021-07-03 09:00:00
Fecha:  2021-07-09 00:19:47.533637 - Datos Trafico promedios en indice principal: 433
actualizada fecha control de ejecucion: 2021-07-03 10:00:00
ultima fecha para control de ejecucion: 2021-07-03 10:00:00
Fecha:  2021-07-09 00:22:01.512803 - Datos Trafico promedios en indice principal: 433
actualizada fecha control de ejecucion: 2021-07-03 11:00:00
ultima fecha para control de ejecucion: 2021-07-03 11:00:00
Fecha:  2021-07-09 00:23:42.582890 - Datos Trafico promedios en indice principal: 433
actualizada fecha control de ejecucion: 2021-07-03 12:00:00
ultima fecha para control de ejecucion: 2021-07-03 12:00:00
Fecha:  2021-07-09 00:25:17.514962 - Datos Trafico promedios en indice principal: 433
actualizada fecha control de ejecucion: 2021-07-03 13:00:00
ultima fecha para control de ejecucion: 2021-07-03 13:00:00
Fecha:  2021-07-09 00:26:50.152988 - Datos Trafico promedios en indice principal: 433
actualizada fecha control de ejecucion: 2021-07-03 14:00:00
ultima fecha para control de ejecucion: 2021-07-03 14:00:00
Fecha:  2021-07-09 00:28:40.643922 - Datos Trafico promedios en indice principal: 434
actualizada fecha control de ejecucion: 2021-07-03 15:00:00
ultima fecha para control de ejecucion: 2021-07-03 15:00:00
Fecha:  2021-07-09 00:30:43.344246 - Datos Trafico promedios en indice principal: 435
actualizada fecha control de ejecucion: 2021-07-03 16:00:00
ultima fecha para control de ejecucion: 2021-07-03 16:00:00
Fecha:  2021-07-09 00:32:40.993418 - Datos Trafico promedios en indice principal: 435
actualizada fecha control de ejecucion: 2021-07-03 17:00:00
ultima fecha para control de ejecucion: 2021-07-03 17:00:00
Fecha:  2021-07-09 00:34:32.605374 - Datos Trafico promedios en indice principal: 436
actualizada fecha control de ejecucion: 2021-07-03 18:00:00
ultima fecha para control de ejecucion: 2021-07-03 18:00:00
Fecha:  2021-07-09 00:35:43.329002 - Datos Trafico promedios en indice principal: 436
actualizada fecha control de ejecucion: 2021-07-03 19:00:00
ultima fecha para control de ejecucion: 2021-07-03 19:00:00
Fecha:  2021-07-09 00:38:55.975053 - Datos Trafico promedios en indice principal: 433
actualizada fecha control de ejecucion: 2021-07-03 20:00:00
ultima fecha para control de ejecucion: 2021-07-03 20:00:00
Fecha:  2021-07-09 00:39:53.300859 - Datos Trafico promedios en indice principal: 436
actualizada fecha control de ejecucion: 2021-07-03 21:00:00
ultima fecha para control de ejecucion: 2021-07-03 21:00:00
Fecha:  2021-07-09 00:42:57.606715 - Datos Trafico promedios en indice principal: 437
actualizada fecha control de ejecucion: 2021-07-03 22:00:00
ultima fecha para control de ejecucion: 2021-07-03 22:00:00
Fecha:  2021-07-09 00:45:11.585244 - Datos Trafico promedios en indice principal: 437
actualizada fecha control de ejecucion: 2021-07-03 23:00:00
ultima fecha para control de ejecucion: 2021-07-03 23:00:00
Fecha:  2021-07-09 00:47:51.751031 - Datos Trafico promedios en indice principal: 437
actualizada fecha control de ejecucion: 2021-07-04 00:00:00
ultima fecha para control de ejecucion: 2021-07-04 00:00:00
Fecha:  2021-07-09 00:50:32.391667 - Datos Trafico promedios en indice principal: 437
actualizada fecha control de ejecucion: 2021-07-04 01:00:00
ultima fecha para control de ejecucion: 2021-07-04 01:00:00
Fecha:  2021-07-09 00:53:15.988412 - Datos Trafico promedios en indice principal: 439
actualizada fecha control de ejecucion: 2021-07-04 02:00:00
ultima fecha para control de ejecucion: 2021-07-04 02:00:00
Fecha:  2021-07-09 00:55:58.466313 - Datos Trafico promedios en indice principal: 439
actualizada fecha control de ejecucion: 2021-07-04 03:00:00
ultima fecha para control de ejecucion: 2021-07-04 03:00:00
Fecha:  2021-07-09 00:58:27.250915 - Datos Trafico promedios en indice principal: 439
actualizada fecha control de ejecucion: 2021-07-04 04:00:00
ultima fecha para control de ejecucion: 2021-07-04 04:00:00
Fecha:  2021-07-09 01:00:17.494143 - Datos Trafico promedios en indice principal: 439
actualizada fecha control de ejecucion: 2021-07-04 05:00:00
ultima fecha para control de ejecucion: 2021-07-04 05:00:00
Fecha:  2021-07-09 01:03:56.255005 - Datos Trafico promedios en indice principal: 439
actualizada fecha control de ejecucion: 2021-07-04 06:00:00
ultima fecha para control de ejecucion: 2021-07-04 06:00:00
Fecha:  2021-07-09 01:07:23.982171 - Datos Trafico promedios en indice principal: 439
actualizada fecha control de ejecucion: 2021-07-04 07:00:00
ultima fecha para control de ejecucion: 2021-07-04 07:00:00
Fecha:  2021-07-09 01:10:50.429720 - Datos Trafico promedios en indice principal: 439
actualizada fecha control de ejecucion: 2021-07-04 08:00:00
ultima fecha para control de ejecucion: 2021-07-04 08:00:00
Fecha:  2021-07-09 01:14:44.340887 - Datos Trafico promedios en indice principal: 439
actualizada fecha control de ejecucion: 2021-07-04 09:00:00
ultima fecha para control de ejecucion: 2021-07-04 09:00:00
Fecha:  2021-07-09 01:19:14.841959 - Datos Trafico promedios en indice principal: 439
actualizada fecha control de ejecucion: 2021-07-04 10:00:00
ultima fecha para control de ejecucion: 2021-07-04 10:00:00
Fecha:  2021-07-09 01:23:46.298400 - Datos Trafico promedios en indice principal: 439
actualizada fecha control de ejecucion: 2021-07-04 11:00:00
ultima fecha para control de ejecucion: 2021-07-04 11:00:00
Fecha:  2021-07-09 01:27:48.084081 - Datos Trafico promedios en indice principal: 439
actualizada fecha control de ejecucion: 2021-07-04 12:00:00
ultima fecha para control de ejecucion: 2021-07-04 12:00:00
Fecha:  2021-07-09 01:31:36.711980 - Datos Trafico promedios en indice principal: 439
actualizada fecha control de ejecucion: 2021-07-04 13:00:00
ultima fecha para control de ejecucion: 2021-07-04 13:00:00
Fecha:  2021-07-09 01:35:21.901159 - Datos Trafico promedios en indice principal: 441
actualizada fecha control de ejecucion: 2021-07-04 14:00:00
ultima fecha para control de ejecucion: 2021-07-04 14:00:00
Fecha:  2021-07-09 01:38:31.643007 - Datos Trafico promedios en indice principal: 441
actualizada fecha control de ejecucion: 2021-07-04 15:00:00
ultima fecha para control de ejecucion: 2021-07-04 15:00:00
Fecha:  2021-07-09 01:41:47.143618 - Datos Trafico promedios en indice principal: 441
actualizada fecha control de ejecucion: 2021-07-04 16:00:00
ultima fecha para control de ejecucion: 2021-07-04 16:00:00
Fecha:  2021-07-09 01:45:21.750623 - Datos Trafico promedios en indice principal: 441
actualizada fecha control de ejecucion: 2021-07-04 17:00:00
ultima fecha para control de ejecucion: 2021-07-04 17:00:00
Fecha:  2021-07-09 01:48:38.060770 - Datos Trafico promedios en indice principal: 436
actualizada fecha control de ejecucion: 2021-07-04 18:00:00
ultima fecha para control de ejecucion: 2021-07-04 18:00:00
Fecha:  2021-07-09 01:49:50.747376 - Datos Trafico promedios en indice principal: 441
actualizada fecha control de ejecucion: 2021-07-04 19:00:00
ultima fecha para control de ejecucion: 2021-07-04 19:00:00
Fecha:  2021-07-09 01:54:46.954136 - Datos Trafico promedios en indice principal: 441
actualizada fecha control de ejecucion: 2021-07-04 20:00:00
ultima fecha para control de ejecucion: 2021-07-04 20:00:00
Fecha:  2021-07-09 01:56:38.596383 - Datos Trafico promedios en indice principal: 436
actualizada fecha control de ejecucion: 2021-07-04 21:00:00
ultima fecha para control de ejecucion: 2021-07-04 21:00:00
Fecha:  2021-07-09 01:59:25.273502 - Datos Trafico promedios en indice principal: 437
actualizada fecha control de ejecucion: 2021-07-04 22:00:00
ultima fecha para control de ejecucion: 2021-07-04 22:00:00
Fecha:  2021-07-09 02:02:15.402440 - Datos Trafico promedios en indice principal: 441
actualizada fecha control de ejecucion: 2021-07-04 23:00:00
ultima fecha para control de ejecucion: 2021-07-04 23:00:00
Fecha:  2021-07-09 02:07:06.741780 - Datos Trafico promedios en indice principal: 441
actualizada fecha control de ejecucion: 2021-07-05 00:00:00
ultima fecha para control de ejecucion: 2021-07-05 00:00:00
Fecha:  2021-07-09 02:12:16.862639 - Datos Trafico promedios en indice principal: 441
actualizada fecha control de ejecucion: 2021-07-05 01:00:00
ultima fecha para control de ejecucion: 2021-07-05 01:00:00
Fecha:  2021-07-09 02:17:32.641081 - Datos Trafico promedios en indice principal: 441
actualizada fecha control de ejecucion: 2021-07-05 02:00:00
ultima fecha para control de ejecucion: 2021-07-05 02:00:00
Fecha:  2021-07-09 02:22:42.481703 - Datos Trafico promedios en indice principal: 441
actualizada fecha control de ejecucion: 2021-07-05 03:00:00
ultima fecha para control de ejecucion: 2021-07-05 03:00:00
Fecha:  2021-07-09 02:27:06.277602 - Datos Trafico promedios en indice principal: 441
actualizada fecha control de ejecucion: 2021-07-05 04:00:00
ultima fecha para control de ejecucion: 2021-07-05 04:00:00
Fecha:  2021-07-09 02:30:20.593240 - Datos Trafico promedios en indice principal: 441
actualizada fecha control de ejecucion: 2021-07-05 05:00:00
ultima fecha para control de ejecucion: 2021-07-05 05:00:00
Fecha:  2021-07-09 02:35:16.232846 - Datos Trafico promedios en indice principal: 441
actualizada fecha control de ejecucion: 2021-07-05 06:00:00
ultima fecha para control de ejecucion: 2021-07-05 06:00:00
Fecha:  2021-07-09 02:39:19.147083 - Datos Trafico promedios en indice principal: 441
actualizada fecha control de ejecucion: 2021-07-05 07:00:00
ultima fecha para control de ejecucion: 2021-07-05 07:00:00
Fecha:  2021-07-09 02:43:54.299200 - Datos Trafico promedios en indice principal: 441
actualizada fecha control de ejecucion: 2021-07-05 08:00:00
ultima fecha para control de ejecucion: 2021-07-05 08:00:00
Fecha:  2021-07-09 02:48:42.304069 - Datos Trafico promedios en indice principal: 441
actualizada fecha control de ejecucion: 2021-07-05 09:00:00
ultima fecha para control de ejecucion: 2021-07-05 09:00:00
Fecha:  2021-07-09 02:53:36.846757 - Datos Trafico promedios en indice principal: 441
actualizada fecha control de ejecucion: 2021-07-05 10:00:00
ultima fecha para control de ejecucion: 2021-07-05 10:00:00
Fecha:  2021-07-09 02:58:51.748486 - Datos Trafico promedios en indice principal: 441
actualizada fecha control de ejecucion: 2021-07-05 11:00:00
ultima fecha para control de ejecucion: 2021-07-05 11:00:00
Fecha:  2021-07-09 03:04:33.994321 - Datos Trafico promedios en indice principal: 441
actualizada fecha control de ejecucion: 2021-07-05 12:00:00
ultima fecha para control de ejecucion: 2021-07-05 12:00:00
Fecha:  2021-07-09 03:10:33.149628 - Datos Trafico promedios en indice principal: 441
actualizada fecha control de ejecucion: 2021-07-05 13:00:00
ultima fecha para control de ejecucion: 2021-07-05 13:00:00
Fecha:  2021-07-09 03:16:35.166445 - Datos Trafico promedios en indice principal: 443
actualizada fecha control de ejecucion: 2021-07-05 14:00:00
ultima fecha para control de ejecucion: 2021-07-05 14:00:00
Fecha:  2021-07-09 03:23:03.660325 - Datos Trafico promedios en indice principal: 444
actualizada fecha control de ejecucion: 2021-07-05 15:00:00
ultima fecha para control de ejecucion: 2021-07-05 15:00:00
Fecha:  2021-07-09 03:29:04.838854 - Datos Trafico promedios en indice principal: 444
actualizada fecha control de ejecucion: 2021-07-05 16:00:00
ultima fecha para control de ejecucion: 2021-07-05 16:00:00
Fecha:  2021-07-09 03:34:58.731320 - Datos Trafico promedios en indice principal: 444
actualizada fecha control de ejecucion: 2021-07-05 17:00:00
ultima fecha para control de ejecucion: 2021-07-05 17:00:00
Fecha:  2021-07-09 03:39:49.494733 - Datos Trafico promedios en indice principal: 444
actualizada fecha control de ejecucion: 2021-07-05 18:00:00
ultima fecha para control de ejecucion: 2021-07-05 18:00:00
Fecha:  2021-07-09 03:42:16.887134 - Datos Trafico promedios en indice principal: 445
actualizada fecha control de ejecucion: 2021-07-05 19:00:00
ultima fecha para control de ejecucion: 2021-07-05 19:00:00
Fecha:  2021-07-09 03:48:52.824571 - Datos Trafico promedios en indice principal: 445
actualizada fecha control de ejecucion: 2021-07-05 20:00:00
ultima fecha para control de ejecucion: 2021-07-05 20:00:00
Fecha:  2021-07-09 03:51:37.785000 - Datos Trafico promedios en indice principal: 445
actualizada fecha control de ejecucion: 2021-07-05 21:00:00
ultima fecha para control de ejecucion: 2021-07-05 21:00:00
Fecha:  2021-07-09 03:56:13.544380 - Datos Trafico promedios en indice principal: 445
actualizada fecha control de ejecucion: 2021-07-05 22:00:00
ultima fecha para control de ejecucion: 2021-07-05 22:00:00
Fecha:  2021-07-09 03:59:44.674417 - Datos Trafico promedios en indice principal: 445
actualizada fecha control de ejecucion: 2021-07-05 23:00:00
ultima fecha para control de ejecucion: 2021-07-05 23:00:00
Fecha:  2021-07-09 04:06:49.392444 - Datos Trafico promedios en indice principal: 445
actualizada fecha control de ejecucion: 2021-07-06 00:00:00
ultima fecha para control de ejecucion: 2021-07-06 00:00:00
Fecha:  2021-07-09 04:13:26.507882 - Datos Trafico promedios en indice principal: 445
actualizada fecha control de ejecucion: 2021-07-06 01:00:00
ultima fecha para control de ejecucion: 2021-07-06 01:00:00
Fecha:  2021-07-09 04:20:24.371430 - Datos Trafico promedios en indice principal: 445
actualizada fecha control de ejecucion: 2021-07-06 02:00:00
ultima fecha para control de ejecucion: 2021-07-06 02:00:00
Fecha:  2021-07-09 04:27:05.850062 - Datos Trafico promedios en indice principal: 445
actualizada fecha control de ejecucion: 2021-07-06 03:00:00
ultima fecha para control de ejecucion: 2021-07-06 03:00:00
Fecha:  2021-07-09 04:33:08.383684 - Datos Trafico promedios en indice principal: 445
actualizada fecha control de ejecucion: 2021-07-06 04:00:00
ultima fecha para control de ejecucion: 2021-07-06 04:00:00
Fecha:  2021-07-09 04:37:04.774163 - Datos Trafico promedios en indice principal: 445
actualizada fecha control de ejecucion: 2021-07-06 05:00:00
ultima fecha para control de ejecucion: 2021-07-06 05:00:00
Fecha:  2021-07-09 04:42:29.444477 - Datos Trafico promedios en indice principal: 445
actualizada fecha control de ejecucion: 2021-07-06 06:00:00
ultima fecha para control de ejecucion: 2021-07-06 06:00:00
Fecha:  2021-07-09 04:47:41.998802 - Datos Trafico promedios en indice principal: 445
actualizada fecha control de ejecucion: 2021-07-06 07:00:00
ultima fecha para control de ejecucion: 2021-07-06 07:00:00
Fecha:  2021-07-09 04:52:46.192034 - Datos Trafico promedios en indice principal: 445
actualizada fecha control de ejecucion: 2021-07-06 08:00:00
ultima fecha para control de ejecucion: 2021-07-06 08:00:00
Fecha:  2021-07-09 04:58:31.771461 - Datos Trafico promedios en indice principal: 445
actualizada fecha control de ejecucion: 2021-07-06 09:00:00
ultima fecha para control de ejecucion: 2021-07-06 09:00:00
Fecha:  2021-07-09 05:06:11.750279 - Datos Trafico promedios en indice principal: 445
actualizada fecha control de ejecucion: 2021-07-06 10:00:00
ultima fecha para control de ejecucion: 2021-07-06 10:00:00
Fecha:  2021-07-09 05:14:33.455635 - Datos Trafico promedios en indice principal: 445
actualizada fecha control de ejecucion: 2021-07-06 11:00:00
ultima fecha para control de ejecucion: 2021-07-06 11:00:00
Fecha:  2021-07-09 05:23:11.292108 - Datos Trafico promedios en indice principal: 445
actualizada fecha control de ejecucion: 2021-07-06 12:00:00
ultima fecha para control de ejecucion: 2021-07-06 12:00:00
Fecha:  2021-07-09 05:30:09.342669 - Datos Trafico promedios en indice principal: 445
actualizada fecha control de ejecucion: 2021-07-06 13:00:00
ultima fecha para control de ejecucion: 2021-07-06 13:00:00
Fecha:  2021-07-09 05:36:41.888032 - Datos Trafico promedios en indice principal: 447
actualizada fecha control de ejecucion: 2021-07-06 14:00:00
ultima fecha para control de ejecucion: 2021-07-06 14:00:00
Fecha:  2021-07-09 05:42:46.646740 - Datos Trafico promedios en indice principal: 447
actualizada fecha control de ejecucion: 2021-07-06 15:00:00
ultima fecha para control de ejecucion: 2021-07-06 15:00:00
Fecha:  2021-07-09 05:48:49.645014 - Datos Trafico promedios en indice principal: 447
actualizada fecha control de ejecucion: 2021-07-06 16:00:00
ultima fecha para control de ejecucion: 2021-07-06 16:00:00
Fecha:  2021-07-09 05:52:58.142988 - Datos Trafico promedios en indice principal: 449
actualizada fecha control de ejecucion: 2021-07-06 17:00:00
ultima fecha para control de ejecucion: 2021-07-06 17:00:00
Fecha:  2021-07-09 05:57:32.771572 - Datos Trafico promedios en indice principal: 446
actualizada fecha control de ejecucion: 2021-07-06 18:00:00
ultima fecha para control de ejecucion: 2021-07-06 18:00:00
Fecha:  2021-07-09 05:59:36.425081 - Datos Trafico promedios en indice principal: 451
actualizada fecha control de ejecucion: 2021-07-06 19:00:00
ultima fecha para control de ejecucion: 2021-07-06 19:00:00
Fecha:  2021-07-09 06:07:48.676961 - Datos Trafico promedios en indice principal: 451
actualizada fecha control de ejecucion: 2021-07-06 20:00:00
ultima fecha para control de ejecucion: 2021-07-06 20:00:00
Fecha:  2021-07-09 06:11:08.561838 - Datos Trafico promedios en indice principal: 451
actualizada fecha control de ejecucion: 2021-07-06 21:00:00
ultima fecha para control de ejecucion: 2021-07-06 21:00:00
Fecha:  2021-07-09 06:16:16.210353 - Datos Trafico promedios en indice principal: 451
actualizada fecha control de ejecucion: 2021-07-06 22:00:00
ultima fecha para control de ejecucion: 2021-07-06 22:00:00
Fecha:  2021-07-09 06:21:00.982844 - Datos Trafico promedios en indice principal: 451
actualizada fecha control de ejecucion: 2021-07-06 23:00:00
ultima fecha para control de ejecucion: 2021-07-06 23:00:00
Fecha:  2021-07-09 06:27:09.823631 - Datos Trafico promedios en indice principal: 451
actualizada fecha control de ejecucion: 2021-07-07 00:00:00
ultima fecha para control de ejecucion: 2021-07-07 00:00:00
Fecha:  2021-07-09 06:33:10.768166 - Datos Trafico promedios en indice principal: 451
actualizada fecha control de ejecucion: 2021-07-07 01:00:00
ultima fecha para control de ejecucion: 2021-07-07 01:00:00
Fecha:  2021-07-09 06:38:22.422134 - Datos Trafico promedios en indice principal: 452
actualizada fecha control de ejecucion: 2021-07-07 02:00:00
ultima fecha para control de ejecucion: 2021-07-07 02:00:00
Fecha:  2021-07-09 06:43:48.144841 - Datos Trafico promedios en indice principal: 452
actualizada fecha control de ejecucion: 2021-07-07 03:00:00
ultima fecha para control de ejecucion: 2021-07-07 03:00:00
Fecha:  2021-07-09 06:48:46.517223 - Datos Trafico promedios en indice principal: 452
actualizada fecha control de ejecucion: 2021-07-07 04:00:00
ultima fecha para control de ejecucion: 2021-07-07 04:00:00
Fecha:  2021-07-09 06:52:32.697736 - Datos Trafico promedios en indice principal: 452
actualizada fecha control de ejecucion: 2021-07-07 05:00:00
ultima fecha para control de ejecucion: 2021-07-07 05:00:00
Fecha:  2021-07-09 06:57:51.994560 - Datos Trafico promedios en indice principal: 452
actualizada fecha control de ejecucion: 2021-07-07 06:00:00
ultima fecha para control de ejecucion: 2021-07-07 06:00:00
Fecha:  2021-07-09 07:05:19.227353 - Datos Trafico promedios en indice principal: 452
actualizada fecha control de ejecucion: 2021-07-07 07:00:00
ultima fecha para control de ejecucion: 2021-07-07 07:00:00
Fecha:  2021-07-09 07:11:41.798244 - No se insertaron datos de promedios en indice principal
actualizada fecha control de ejecucion: 2021-07-07 08:00:00
ultima fecha para control de ejecucion: 2021-07-07 08:00:00
Fecha:  2021-07-09 07:24:04.616434 - Datos Trafico promedios en indice principal: 452
actualizada fecha control de ejecucion: 2021-07-07 09:00:00
ultima fecha para control de ejecucion: 2021-07-07 09:00:00
Fecha:  2021-07-09 07:31:13.844758 - Datos Trafico promedios en indice principal: 452
actualizada fecha control de ejecucion: 2021-07-07 10:00:00
ultima fecha para control de ejecucion: 2021-07-07 10:00:00
Fecha:  2021-07-09 07:37:30.656323 - Datos Trafico promedios en indice principal: 452
actualizada fecha control de ejecucion: 2021-07-07 11:00:00
ultima fecha para control de ejecucion: 2021-07-07 11:00:00
Fecha:  2021-07-09 07:43:24.095397 - Datos Trafico promedios en indice principal: 445
actualizada fecha control de ejecucion: 2021-07-07 12:00:00
ultima fecha para control de ejecucion: 2021-07-07 12:00:00
Fecha:  2021-07-09 07:47:57.602248 - Datos Trafico promedios en indice principal: 456
actualizada fecha control de ejecucion: 2021-07-07 13:00:00
ultima fecha para control de ejecucion: 2021-07-07 13:00:00
Fecha:  2021-07-09 07:54:11.014834 - Datos Trafico promedios en indice principal: 457
actualizada fecha control de ejecucion: 2021-07-07 14:00:00
ultima fecha para control de ejecucion: 2021-07-07 14:00:00
Fecha:  2021-07-09 08:00:28.137157 - Datos Trafico promedios en indice principal: 457
actualizada fecha control de ejecucion: 2021-07-07 15:00:00
ultima fecha para control de ejecucion: 2021-07-07 15:00:00
Fecha:  2021-07-09 08:09:03.620517 - Datos Trafico promedios en indice principal: 457
actualizada fecha control de ejecucion: 2021-07-07 16:00:00
ultima fecha para control de ejecucion: 2021-07-07 16:00:00
Fecha:  2021-07-09 08:17:54.316784 - Datos Trafico promedios en indice principal: 459
actualizada fecha control de ejecucion: 2021-07-07 17:00:00
ultima fecha para control de ejecucion: 2021-07-07 17:00:00
Fecha:  2021-07-09 08:24:02.245969 - Datos Trafico promedios en indice principal: 459
actualizada fecha control de ejecucion: 2021-07-07 18:00:00
ultima fecha para control de ejecucion: 2021-07-07 18:00:00
Fecha:  2021-07-09 08:26:23.226636 - Datos Trafico promedios en indice principal: 459
actualizada fecha control de ejecucion: 2021-07-07 19:00:00
ultima fecha para control de ejecucion: 2021-07-07 19:00:00
Fecha:  2021-07-09 08:34:09.166035 - Datos Trafico promedios en indice principal: 459
actualizada fecha control de ejecucion: 2021-07-07 20:00:00
ultima fecha para control de ejecucion: 2021-07-07 20:00:00
Fecha:  2021-07-09 08:37:09.146389 - Datos Trafico promedios en indice principal: 459
actualizada fecha control de ejecucion: 2021-07-07 21:00:00
ultima fecha para control de ejecucion: 2021-07-07 21:00:00
Fecha:  2021-07-09 08:41:28.661926 - Datos Trafico promedios en indice principal: 459
actualizada fecha control de ejecucion: 2021-07-07 22:00:00
ultima fecha para control de ejecucion: 2021-07-07 22:00:00
Fecha:  2021-07-09 08:45:49.461930 - Datos Trafico promedios en indice principal: 459
actualizada fecha control de ejecucion: 2021-07-07 23:00:00
ultima fecha para control de ejecucion: 2021-07-07 23:00:00
Fecha:  2021-07-09 08:51:11.657128 - Datos Trafico promedios en indice principal: 459
actualizada fecha control de ejecucion: 2021-07-08 00:00:00
ultima fecha para control de ejecucion: 2021-07-08 00:00:00
Fecha:  2021-07-09 08:56:41.500231 - Datos Trafico promedios en indice principal: 459
actualizada fecha control de ejecucion: 2021-07-08 01:00:00
ultima fecha para control de ejecucion: 2021-07-08 01:00:00
Fecha:  2021-07-09 09:02:53.610044 - Datos Trafico promedios en indice principal: 460
actualizada fecha control de ejecucion: 2021-07-08 02:00:00
ultima fecha para control de ejecucion: 2021-07-08 02:00:00
Fecha:  2021-07-09 09:10:17.412155 - Datos Trafico promedios en indice principal: 452
actualizada fecha control de ejecucion: 2021-07-08 03:00:00
ultima fecha para control de ejecucion: 2021-07-08 03:00:00
Fecha:  2021-07-09 09:15:23.383483 - Datos Trafico promedios en indice principal: 460
actualizada fecha control de ejecucion: 2021-07-08 04:00:00
ultima fecha para control de ejecucion: 2021-07-08 04:00:00
Fecha:  2021-07-09 09:21:07.447566 - Datos Trafico promedios en indice principal: 460
actualizada fecha control de ejecucion: 2021-07-08 05:00:00
ultima fecha para control de ejecucion: 2021-07-08 05:00:00
Fecha:  2021-07-09 09:27:49.067976 - Datos Trafico promedios en indice principal: 460
actualizada fecha control de ejecucion: 2021-07-08 06:00:00
ultima fecha para control de ejecucion: 2021-07-08 06:00:00
Fecha:  2021-07-09 09:34:20.054619 - Datos Trafico promedios en indice principal: 460
actualizada fecha control de ejecucion: 2021-07-08 07:00:00
ultima fecha para control de ejecucion: 2021-07-08 07:00:00
Fecha:  2021-07-09 09:39:47.506121 - Datos Trafico promedios en indice principal: 460
actualizada fecha control de ejecucion: 2021-07-08 08:00:00
ultima fecha para control de ejecucion: 2021-07-08 08:00:00
Fecha:  2021-07-09 09:46:16.516652 - Datos Trafico promedios en indice principal: 460
actualizada fecha control de ejecucion: 2021-07-08 09:00:00
ultima fecha para control de ejecucion: 2021-07-08 09:00:00
Fecha:  2021-07-09 09:52:54.318627 - Datos Trafico promedios en indice principal: 460
actualizada fecha control de ejecucion: 2021-07-08 10:00:00
ultima fecha para control de ejecucion: 2021-07-08 10:00:00
Fecha:  2021-07-09 09:59:21.398904 - Datos Trafico promedios en indice principal: 460
actualizada fecha control de ejecucion: 2021-07-08 11:00:00
ultima fecha para control de ejecucion: 2021-07-08 11:00:00
Fecha:  2021-07-09 10:07:30.857525 - Datos Trafico promedios en indice principal: 460
actualizada fecha control de ejecucion: 2021-07-08 12:00:00
ultima fecha para control de ejecucion: 2021-07-08 12:00:00
Fecha:  2021-07-09 10:14:30.033715 - Datos Trafico promedios en indice principal: 460
actualizada fecha control de ejecucion: 2021-07-08 13:00:00
ultima fecha para control de ejecucion: 2021-07-08 13:00:00
Fecha:  2021-07-09 10:23:09.979506 - Datos Trafico promedios en indice principal: 461
actualizada fecha control de ejecucion: 2021-07-08 14:00:00
ultima fecha para control de ejecucion: 2021-07-08 14:00:00
Fecha:  2021-07-09 10:31:27.598153 - Datos Trafico promedios en indice principal: 464
actualizada fecha control de ejecucion: 2021-07-08 15:00:00
ultima fecha para control de ejecucion: 2021-07-08 15:00:00
Fecha:  2021-07-09 10:38:58.079915 - Datos Trafico promedios en indice principal: 466
actualizada fecha control de ejecucion: 2021-07-08 16:00:00
ultima fecha para control de ejecucion: 2021-07-08 16:00:00
Fecha:  2021-07-09 10:46:19.536512 - Datos Trafico promedios en indice principal: 467
actualizada fecha control de ejecucion: 2021-07-08 17:00:00
ultima fecha para control de ejecucion: 2021-07-08 17:00:00
Fecha:  2021-07-09 10:52:30.579485 - Datos Trafico promedios en indice principal: 470
actualizada fecha control de ejecucion: 2021-07-08 18:00:00
ultima fecha para control de ejecucion: 2021-07-08 18:00:00
Fecha:  2021-07-09 10:54:53.380976 - Datos Trafico promedios en indice principal: 470
actualizada fecha control de ejecucion: 2021-07-08 19:00:00
ultima fecha para control de ejecucion: 2021-07-08 19:00:00
Fecha:  2021-07-09 11:02:08.988254 - Datos Trafico promedios en indice principal: 470
actualizada fecha control de ejecucion: 2021-07-08 20:00:00
ultima fecha para control de ejecucion: 2021-07-08 20:00:00
Fecha:  2021-07-09 11:07:30.306180 - Datos Trafico promedios en indice principal: 470
actualizada fecha control de ejecucion: 2021-07-08 21:00:00
ultima fecha para control de ejecucion: 2021-07-08 21:00:00
Fecha:  2021-07-09 11:12:38.319013 - Datos Trafico promedios en indice principal: 470
actualizada fecha control de ejecucion: 2021-07-08 22:00:00
ultima fecha para control de ejecucion: 2021-07-08 22:00:00
Fecha:  2021-07-09 11:18:16.049706 - Datos Trafico promedios en indice principal: 470
actualizada fecha control de ejecucion: 2021-07-08 23:00:00
ultima fecha para control de ejecucion: 2021-07-08 23:00:00
Fecha:  2021-07-09 11:25:02.319123 - Datos Trafico promedios en indice principal: 470
actualizada fecha control de ejecucion: 2021-07-09 00:00:00
ultima fecha para control de ejecucion: 2021-07-09 00:00:00
Fecha:  2021-07-09 11:30:45.869418 - Datos Trafico promedios en indice principal: 470
actualizada fecha control de ejecucion: 2021-07-09 01:00:00
ultima fecha para control de ejecucion: 2021-07-09 01:00:00
Fecha:  2021-07-09 11:36:13.706169 - Datos Trafico promedios en indice principal: 471
actualizada fecha control de ejecucion: 2021-07-09 02:00:00
ultima fecha para control de ejecucion: 2021-07-09 02:00:00
Fecha:  2021-07-09 11:41:23.846416 - Datos Trafico promedios en indice principal: 471
actualizada fecha control de ejecucion: 2021-07-09 03:00:00
ultima fecha para control de ejecucion: 2021-07-09 03:00:00
Fecha:  2021-07-09 11:45:14.398355 - Datos Trafico promedios en indice principal: 471
actualizada fecha control de ejecucion: 2021-07-09 04:00:00
ultima fecha para control de ejecucion: 2021-07-09 04:00:00
Fecha:  2021-07-09 11:49:12.029323 - Datos Trafico promedios en indice principal: 471
actualizada fecha control de ejecucion: 2021-07-09 05:00:00
ultima fecha para control de ejecucion: 2021-07-09 05:00:00
Fecha:  2021-07-09 11:53:50.695613 - Datos Trafico promedios en indice principal: 471
actualizada fecha control de ejecucion: 2021-07-09 06:00:00
ultima fecha para control de ejecucion: 2021-07-09 06:00:00
Fecha:  2021-07-09 11:58:43.416237 - Datos Trafico promedios en indice principal: 460
actualizada fecha control de ejecucion: 2021-07-09 07:00:00
ultima fecha para control de ejecucion: 2021-07-09 07:00:00
Fecha:  2021-07-09 12:03:26.069167 - Datos Trafico promedios en indice principal: 460
actualizada fecha control de ejecucion: 2021-07-09 08:00:00
ultima fecha para control de ejecucion: 2021-07-09 08:00:00
Fecha:  2021-07-09 12:09:19.566350 - Datos Trafico promedios en indice principal: 460
actualizada fecha control de ejecucion: 2021-07-09 09:00:00
ultima fecha para control de ejecucion: 2021-07-09 09:00:00
Fecha:  2021-07-09 12:14:59.612413 - No se insertaron datos de promedios en indice principal
actualizada fecha control de ejecucion: 2021-07-09 10:00:00
ultima fecha para control de ejecucion: 2021-07-09 10:00:00
Fecha:  2021-07-09 12:25:28.492846 - Datos Trafico promedios en indice principal: 460
actualizada fecha control de ejecucion: 2021-07-09 11:00:00
ultima fecha para control de ejecucion: 2021-07-09 11:00:00
Fecha:  2021-07-09 12:30:09.145524 - Datos Trafico promedios en indice principal: 460
actualizada fecha control de ejecucion: 2021-07-09 12:00:00
ultima fecha para control de ejecucion: 2021-07-09 12:00:00
Fecha:  2021-07-09 12:33:23.102285 - Datos Trafico promedios en indice principal: 460
actualizada fecha control de ejecucion: 2021-07-09 12:00:00
ultima fecha para control de ejecucion: 2021-07-09 12:00:00
Fecha:  2021-07-09 12:37:53.620063 - Datos Trafico promedios en indice principal: 460
actualizada fecha control de ejecucion: 2021-07-09 12:00:00
ultima fecha para control de ejecucion: 2021-07-09 12:00:00
Fecha:  2021-07-09 12:42:40.393495 - Datos Trafico promedios en indice principal: 460
actualizada fecha control de ejecucion: 2021-07-09 12:00:00
ultima fecha para control de ejecucion: 2021-07-09 12:00:00
Fecha:  2021-07-09 12:47:08.861922 - Datos Trafico promedios en indice principal: 460
actualizada fecha control de ejecucion: 2021-07-09 12:00:00
ultima fecha para control de ejecucion: 2021-07-09 12:00:00
Fecha:  2021-07-09 12:51:22.362120 - Datos Trafico promedios en indice principal: 460
actualizada fecha control de ejecucion: 2021-07-09 12:00:00
ultima fecha para control de ejecucion: 2021-07-09 12:00:00
Fecha:  2021-07-09 12:55:42.269811 - Datos Trafico promedios en indice principal: 460
actualizada fecha control de ejecucion: 2021-07-09 12:00:00
ultima fecha para control de ejecucion: 2021-07-09 12:00:00
Fecha:  2021-07-09 12:59:55.603549 - Datos Trafico promedios en indice principal: 460
actualizada fecha control de ejecucion: 2021-07-09 12:00:00
ultima fecha para control de ejecucion: 2021-07-09 12:00:00
Fecha:  2021-07-09 13:06:07.556411 - Datos Trafico promedios en indice principal: 460
actualizada fecha control de ejecucion: 2021-07-09 13:00:00
ultima fecha para control de ejecucion: 2021-07-09 13:00:00
Fecha:  2021-07-09 13:11:52.540535 - Datos Trafico promedios en indice principal: 461
actualizada fecha control de ejecucion: 2021-07-09 13:00:00
ultima fecha para control de ejecucion: 2021-07-09 13:00:00
Fecha:  2021-07-09 13:18:05.667393 - Datos Trafico promedios en indice principal: 461
actualizada fecha control de ejecucion: 2021-07-09 13:00:00
ultima fecha para control de ejecucion: 2021-07-09 13:00:00
Fecha:  2021-07-09 13:23:25.891670 - Datos Trafico promedios en indice principal: 461
actualizada fecha control de ejecucion: 2021-07-09 13:00:00
ultima fecha para control de ejecucion: 2021-07-09 13:00:00
Fecha:  2021-07-09 13:27:57.882186 - Datos Trafico promedios en indice principal: 461
actualizada fecha control de ejecucion: 2021-07-09 13:00:00
ultima fecha para control de ejecucion: 2021-07-09 13:00:00
Fecha:  2021-07-09 13:33:19.135125 - Datos Trafico promedios en indice principal: 461
actualizada fecha control de ejecucion: 2021-07-09 13:00:00
ultima fecha para control de ejecucion: 2021-07-09 13:00:00
Fecha:  2021-07-09 13:37:43.604654 - Datos Trafico promedios en indice principal: 461
actualizada fecha control de ejecucion: 2021-07-09 13:00:00
ultima fecha para control de ejecucion: 2021-07-09 13:00:00
Fecha:  2021-07-09 13:42:11.030385 - Datos Trafico promedios en indice principal: 461
actualizada fecha control de ejecucion: 2021-07-09 13:00:00
ultima fecha para control de ejecucion: 2021-07-09 13:00:00
Fecha:  2021-07-09 13:46:30.946943 - Datos Trafico promedios en indice principal: 461
actualizada fecha control de ejecucion: 2021-07-09 13:00:00
ultima fecha para control de ejecucion: 2021-07-09 13:00:00
Fecha:  2021-07-09 13:50:47.938315 - Datos Trafico promedios en indice principal: 461
actualizada fecha control de ejecucion: 2021-07-09 13:00:00
ultima fecha para control de ejecucion: 2021-07-09 13:00:00
Fecha:  2021-07-09 13:54:48.009344 - Datos Trafico promedios en indice principal: 461
actualizada fecha control de ejecucion: 2021-07-09 13:00:00
ultima fecha para control de ejecucion: 2021-07-09 13:00:00
Fecha:  2021-07-09 13:58:44.571606 - Datos Trafico promedios en indice principal: 461
actualizada fecha control de ejecucion: 2021-07-09 13:00:00
ultima fecha para control de ejecucion: 2021-07-09 13:00:00
Fecha:  2021-07-09 14:04:24.428124 - Datos Trafico promedios en indice principal: 461
actualizada fecha control de ejecucion: 2021-07-09 14:00:00
ultima fecha para control de ejecucion: 2021-07-09 14:00:00
Fecha:  2021-07-09 14:10:20.735516 - Datos Trafico promedios en indice principal: 464
actualizada fecha control de ejecucion: 2021-07-09 14:00:00
ultima fecha para control de ejecucion: 2021-07-09 14:00:00
Fecha:  2021-07-09 14:16:10.735147 - Datos Trafico promedios en indice principal: 464
actualizada fecha control de ejecucion: 2021-07-09 14:00:00
ultima fecha para control de ejecucion: 2021-07-09 14:00:00
Fecha:  2021-07-09 14:22:33.014557 - Datos Trafico promedios en indice principal: 464
actualizada fecha control de ejecucion: 2021-07-09 14:00:00
ultima fecha para control de ejecucion: 2021-07-09 14:00:00
Fecha:  2021-07-09 14:27:10.604668 - Datos Trafico promedios en indice principal: 464
actualizada fecha control de ejecucion: 2021-07-09 14:00:00
ultima fecha para control de ejecucion: 2021-07-09 14:00:00
Fecha:  2021-07-09 14:32:17.880123 - Datos Trafico promedios en indice principal: 464
actualizada fecha control de ejecucion: 2021-07-09 14:00:00
ultima fecha para control de ejecucion: 2021-07-09 14:00:00
Fecha:  2021-07-09 14:36:59.710774 - Datos Trafico promedios en indice principal: 464
actualizada fecha control de ejecucion: 2021-07-09 14:00:00
ultima fecha para control de ejecucion: 2021-07-09 14:00:00
Fecha:  2021-07-09 14:41:33.553657 - Datos Trafico promedios en indice principal: 464
actualizada fecha control de ejecucion: 2021-07-09 14:00:00
ultima fecha para control de ejecucion: 2021-07-09 14:00:00
Fecha:  2021-07-09 14:46:18.431363 - Datos Trafico promedios en indice principal: 464
actualizada fecha control de ejecucion: 2021-07-09 14:00:00
ultima fecha para control de ejecucion: 2021-07-09 14:00:00
Fecha:  2021-07-09 14:51:20.129189 - Datos Trafico promedios en indice principal: 464
actualizada fecha control de ejecucion: 2021-07-09 14:00:00
ultima fecha para control de ejecucion: 2021-07-09 14:00:00
Fecha:  2021-07-09 14:56:07.064592 - Datos Trafico promedios en indice principal: 464
actualizada fecha control de ejecucion: 2021-07-09 14:00:00
ultima fecha para control de ejecucion: 2021-07-09 14:00:00
Fecha:  2021-07-09 15:01:23.155906 - Datos Trafico promedios en indice principal: 464
actualizada fecha control de ejecucion: 2021-07-09 15:00:00
ultima fecha para control de ejecucion: 2021-07-09 15:00:00
Fecha:  2021-07-09 15:07:09.223014 - Datos Trafico promedios en indice principal: 466
actualizada fecha control de ejecucion: 2021-07-09 15:00:00
ultima fecha para control de ejecucion: 2021-07-09 15:00:00
Fecha:  2021-07-09 15:12:54.351165 - Datos Trafico promedios en indice principal: 466
actualizada fecha control de ejecucion: 2021-07-09 15:00:00
ultima fecha para control de ejecucion: 2021-07-09 15:00:00
Fecha:  2021-07-09 15:19:40.677476 - Datos Trafico promedios en indice principal: 466
actualizada fecha control de ejecucion: 2021-07-09 15:00:00
ultima fecha para control de ejecucion: 2021-07-09 15:00:00
Fecha:  2021-07-09 15:26:31.640467 - Datos Trafico promedios en indice principal: 466
actualizada fecha control de ejecucion: 2021-07-09 15:00:00
ultima fecha para control de ejecucion: 2021-07-09 15:00:00
Fecha:  2021-07-09 15:31:51.655311 - Datos Trafico promedios en indice principal: 466
actualizada fecha control de ejecucion: 2021-07-09 15:00:00
ultima fecha para control de ejecucion: 2021-07-09 15:00:00
Fecha:  2021-07-09 15:36:19.650065 - Datos Trafico promedios en indice principal: 466
actualizada fecha control de ejecucion: 2021-07-09 15:00:00
ultima fecha para control de ejecucion: 2021-07-09 15:00:00
Fecha:  2021-07-09 15:40:08.457095 - Datos Trafico promedios en indice principal: 466
actualizada fecha control de ejecucion: 2021-07-09 15:00:00
ultima fecha para control de ejecucion: 2021-07-09 15:00:00
Fecha:  2021-07-09 15:44:05.458803 - Datos Trafico promedios en indice principal: 466
actualizada fecha control de ejecucion: 2021-07-09 15:00:00
ultima fecha para control de ejecucion: 2021-07-09 15:00:00
Fecha:  2021-07-09 15:47:43.545984 - Datos Trafico promedios en indice principal: 466
actualizada fecha control de ejecucion: 2021-07-09 15:00:00
ultima fecha para control de ejecucion: 2021-07-09 15:00:00
Fecha:  2021-07-09 15:51:07.005574 - Datos Trafico promedios en indice principal: 466
actualizada fecha control de ejecucion: 2021-07-09 15:00:00
ultima fecha para control de ejecucion: 2021-07-09 15:00:00
Fecha:  2021-07-09 15:54:24.964529 - Datos Trafico promedios en indice principal: 466
actualizada fecha control de ejecucion: 2021-07-09 15:00:00
ultima fecha para control de ejecucion: 2021-07-09 15:00:00
Fecha:  2021-07-09 15:57:47.778042 - Datos Trafico promedios en indice principal: 466
actualizada fecha control de ejecucion: 2021-07-09 15:00:00
ultima fecha para control de ejecucion: 2021-07-09 15:00:00
Fecha:  2021-07-09 16:01:53.087590 - Datos Trafico promedios en indice principal: 466
actualizada fecha control de ejecucion: 2021-07-09 16:00:00
ultima fecha para control de ejecucion: 2021-07-09 16:00:00
Fecha:  2021-07-09 16:07:17.827723 - Datos Trafico promedios en indice principal: 467
actualizada fecha control de ejecucion: 2021-07-09 16:00:00
ultima fecha para control de ejecucion: 2021-07-09 16:00:00
Fecha:  2021-07-09 16:12:24.212970 - Datos Trafico promedios en indice principal: 467
actualizada fecha control de ejecucion: 2021-07-09 16:00:00
ultima fecha para control de ejecucion: 2021-07-09 16:00:00
Fecha:  2021-07-09 16:17:02.165000 - Datos Trafico promedios en indice principal: 467
actualizada fecha control de ejecucion: 2021-07-09 16:00:00
ultima fecha para control de ejecucion: 2021-07-09 16:00:00
Fecha:  2021-07-09 16:21:33.465511 - Datos Trafico promedios en indice principal: 467
actualizada fecha control de ejecucion: 2021-07-09 16:00:00
ultima fecha para control de ejecucion: 2021-07-09 16:00:00
Fecha:  2021-07-09 16:24:54.440315 - Datos Trafico promedios en indice principal: 467
actualizada fecha control de ejecucion: 2021-07-09 16:00:00
ultima fecha para control de ejecucion: 2021-07-09 16:00:00
Fecha:  2021-07-09 16:28:18.166071 - Datos Trafico promedios en indice principal: 467
actualizada fecha control de ejecucion: 2021-07-09 16:00:00
ultima fecha para control de ejecucion: 2021-07-09 16:00:00
Fecha:  2021-07-09 16:31:42.342161 - Datos Trafico promedios en indice principal: 467
actualizada fecha control de ejecucion: 2021-07-09 16:00:00
ultima fecha para control de ejecucion: 2021-07-09 16:00:00
Fecha:  2021-07-09 16:35:03.547863 - Datos Trafico promedios en indice principal: 467
actualizada fecha control de ejecucion: 2021-07-09 16:00:00
ultima fecha para control de ejecucion: 2021-07-09 16:00:00
Fecha:  2021-07-09 16:38:28.796268 - Datos Trafico promedios en indice principal: 467
actualizada fecha control de ejecucion: 2021-07-09 16:00:00
ultima fecha para control de ejecucion: 2021-07-09 16:00:00
Fecha:  2021-07-09 16:41:47.336317 - Datos Trafico promedios en indice principal: 467
actualizada fecha control de ejecucion: 2021-07-09 16:00:00
ultima fecha para control de ejecucion: 2021-07-09 16:00:00
Fecha:  2021-07-09 16:45:16.877719 - Datos Trafico promedios en indice principal: 467
actualizada fecha control de ejecucion: 2021-07-09 16:00:00
ultima fecha para control de ejecucion: 2021-07-09 16:00:00
Fecha:  2021-07-09 16:48:27.552341 - Datos Trafico promedios en indice principal: 467
actualizada fecha control de ejecucion: 2021-07-09 16:00:00
ultima fecha para control de ejecucion: 2021-07-09 16:00:00
Fecha:  2021-07-09 16:51:39.197051 - Datos Trafico promedios en indice principal: 467
actualizada fecha control de ejecucion: 2021-07-09 16:00:00
ultima fecha para control de ejecucion: 2021-07-09 16:00:00
Fecha:  2021-07-09 16:54:53.545671 - Datos Trafico promedios en indice principal: 467
actualizada fecha control de ejecucion: 2021-07-09 16:00:00
ultima fecha para control de ejecucion: 2021-07-09 16:00:00
Fecha:  2021-07-09 16:58:13.046930 - Datos Trafico promedios en indice principal: 467
actualizada fecha control de ejecucion: 2021-07-09 16:00:00
ultima fecha para control de ejecucion: 2021-07-09 16:00:00
Fecha:  2021-07-09 17:02:16.046614 - Datos Trafico promedios en indice principal: 467
actualizada fecha control de ejecucion: 2021-07-09 17:00:00
ultima fecha para control de ejecucion: 2021-07-09 17:00:00
Fecha:  2021-07-09 17:06:42.296342 - Datos Trafico promedios en indice principal: 470
actualizada fecha control de ejecucion: 2021-07-09 17:00:00
ultima fecha para control de ejecucion: 2021-07-09 17:00:00
Fecha:  2021-07-09 17:08:43.321533 - Datos Trafico promedios en indice principal: 470
actualizada fecha control de ejecucion: 2021-07-09 17:00:00
ultima fecha para control de ejecucion: 2021-07-09 17:00:00
Fecha:  2021-07-09 17:10:39.396232 - Datos Trafico promedios en indice principal: 470
actualizada fecha control de ejecucion: 2021-07-09 17:00:00
ultima fecha para control de ejecucion: 2021-07-09 17:00:00
Fecha:  2021-07-09 17:12:42.719348 - Datos Trafico promedios en indice principal: 470
actualizada fecha control de ejecucion: 2021-07-09 17:00:00
ultima fecha para control de ejecucion: 2021-07-09 17:00:00
Fecha:  2021-07-09 17:14:36.595525 - Datos Trafico promedios en indice principal: 470
actualizada fecha control de ejecucion: 2021-07-09 17:00:00
ultima fecha para control de ejecucion: 2021-07-09 17:00:00
Fecha:  2021-07-09 17:17:11.322171 - Datos Trafico promedios en indice principal: 470
actualizada fecha control de ejecucion: 2021-07-09 17:00:00
ultima fecha para control de ejecucion: 2021-07-09 17:00:00
Fecha:  2021-07-09 17:19:01.541940 - Datos Trafico promedios en indice principal: 470
actualizada fecha control de ejecucion: 2021-07-09 17:00:00
ultima fecha para control de ejecucion: 2021-07-09 17:00:00
Fecha:  2021-07-09 17:20:45.778711 - Datos Trafico promedios en indice principal: 470
actualizada fecha control de ejecucion: 2021-07-09 17:00:00
ultima fecha para control de ejecucion: 2021-07-09 17:00:00
Fecha:  2021-07-09 17:22:43.588424 - Datos Trafico promedios en indice principal: 470
actualizada fecha control de ejecucion: 2021-07-09 17:00:00
ultima fecha para control de ejecucion: 2021-07-09 17:00:00
Fecha:  2021-07-09 17:24:16.104351 - Datos Trafico promedios en indice principal: 470
actualizada fecha control de ejecucion: 2021-07-09 17:00:00
ultima fecha para control de ejecucion: 2021-07-09 17:00:00
Fecha:  2021-07-09 17:25:43.366573 - Datos Trafico promedios en indice principal: 470
actualizada fecha control de ejecucion: 2021-07-09 17:00:00
ultima fecha para control de ejecucion: 2021-07-09 17:00:00
Fecha:  2021-07-09 17:27:16.391749 - Datos Trafico promedios en indice principal: 470
actualizada fecha control de ejecucion: 2021-07-09 17:00:00
ultima fecha para control de ejecucion: 2021-07-09 17:00:00
Fecha:  2021-07-09 17:28:55.565905 - Datos Trafico promedios en indice principal: 470
actualizada fecha control de ejecucion: 2021-07-09 17:00:00
ultima fecha para control de ejecucion: 2021-07-09 17:00:00
Fecha:  2021-07-09 17:30:41.260686 - Datos Trafico promedios en indice principal: 470
actualizada fecha control de ejecucion: 2021-07-09 17:00:00
ultima fecha para control de ejecucion: 2021-07-09 17:00:00
Fecha:  2021-07-09 17:32:22.771472 - Datos Trafico promedios en indice principal: 470
actualizada fecha control de ejecucion: 2021-07-09 17:00:00
ultima fecha para control de ejecucion: 2021-07-09 17:00:00
Fecha:  2021-07-09 17:34:01.232109 - Datos Trafico promedios en indice principal: 470
actualizada fecha control de ejecucion: 2021-07-09 17:00:00
ultima fecha para control de ejecucion: 2021-07-09 17:00:00
Fecha:  2021-07-09 17:35:41.063271 - Datos Trafico promedios en indice principal: 470
actualizada fecha control de ejecucion: 2021-07-09 17:00:00
ultima fecha para control de ejecucion: 2021-07-09 17:00:00
Fecha:  2021-07-09 17:37:20.142546 - Datos Trafico promedios en indice principal: 470
actualizada fecha control de ejecucion: 2021-07-09 17:00:00
ultima fecha para control de ejecucion: 2021-07-09 17:00:00
Fecha:  2021-07-09 17:38:57.750174 - Datos Trafico promedios en indice principal: 470
actualizada fecha control de ejecucion: 2021-07-09 17:00:00
ultima fecha para control de ejecucion: 2021-07-09 17:00:00
Fecha:  2021-07-09 17:40:35.014366 - Datos Trafico promedios en indice principal: 470
actualizada fecha control de ejecucion: 2021-07-09 17:00:00
ultima fecha para control de ejecucion: 2021-07-09 17:00:00
Fecha:  2021-07-09 17:42:14.491438 - Datos Trafico promedios en indice principal: 470
actualizada fecha control de ejecucion: 2021-07-09 17:00:00
ultima fecha para control de ejecucion: 2021-07-09 17:00:00
Fecha:  2021-07-09 17:44:00.653291 - Datos Trafico promedios en indice principal: 470
actualizada fecha control de ejecucion: 2021-07-09 17:00:00
ultima fecha para control de ejecucion: 2021-07-09 17:00:00
Fecha:  2021-07-09 17:45:39.767373 - Datos Trafico promedios en indice principal: 470
actualizada fecha control de ejecucion: 2021-07-09 17:00:00
ultima fecha para control de ejecucion: 2021-07-09 17:00:00
Fecha:  2021-07-09 17:47:15.554652 - Datos Trafico promedios en indice principal: 470
actualizada fecha control de ejecucion: 2021-07-09 17:00:00
ultima fecha para control de ejecucion: 2021-07-09 17:00:00
Fecha:  2021-07-09 17:48:51.187849 - Datos Trafico promedios en indice principal: 470
actualizada fecha control de ejecucion: 2021-07-09 17:00:00
ultima fecha para control de ejecucion: 2021-07-09 17:00:00
Fecha:  2021-07-09 17:50:28.357502 - Datos Trafico promedios en indice principal: 470
actualizada fecha control de ejecucion: 2021-07-09 17:00:00
ultima fecha para control de ejecucion: 2021-07-09 17:00:00
Fecha:  2021-07-09 17:52:02.564053 - Datos Trafico promedios en indice principal: 470
actualizada fecha control de ejecucion: 2021-07-09 17:00:00
ultima fecha para control de ejecucion: 2021-07-09 17:00:00
Fecha:  2021-07-09 17:53:37.188747 - Datos Trafico promedios en indice principal: 470
actualizada fecha control de ejecucion: 2021-07-09 17:00:00
ultima fecha para control de ejecucion: 2021-07-09 17:00:00
Fecha:  2021-07-09 17:55:16.736401 - Datos Trafico promedios en indice principal: 470
actualizada fecha control de ejecucion: 2021-07-09 17:00:00
ultima fecha para control de ejecucion: 2021-07-09 17:00:00
Fecha:  2021-07-09 17:56:53.240385 - Datos Trafico promedios en indice principal: 470
actualizada fecha control de ejecucion: 2021-07-09 17:00:00
ultima fecha para control de ejecucion: 2021-07-09 17:00:00
Fecha:  2021-07-09 17:58:26.866031 - Datos Trafico promedios en indice principal: 470
actualizada fecha control de ejecucion: 2021-07-09 17:00:00
ultima fecha para control de ejecucion: 2021-07-09 17:00:00
Fecha:  2021-07-09 18:00:12.212505 - Datos Trafico promedios en indice principal: 470
actualizada fecha control de ejecucion: 2021-07-09 18:00:00
ultima fecha para control de ejecucion: 2021-07-09 18:00:00
Fecha:  2021-07-09 18:02:27.899950 - Datos Trafico promedios en indice principal: 470
actualizada fecha control de ejecucion: 2021-07-09 18:00:00
ultima fecha para control de ejecucion: 2021-07-09 18:00:00
Fecha:  2021-07-09 18:07:16.237177 - Datos Trafico promedios en indice principal: 470
actualizada fecha control de ejecucion: 2021-07-09 18:00:00
ultima fecha para control de ejecucion: 2021-07-09 18:00:00
Fecha:  2021-07-09 18:11:22.143828 - Datos Trafico promedios en indice principal: 470
actualizada fecha control de ejecucion: 2021-07-09 18:00:00
ultima fecha para control de ejecucion: 2021-07-09 18:00:00
Fecha:  2021-07-09 18:15:31.334879 - Datos Trafico promedios en indice principal: 470
actualizada fecha control de ejecucion: 2021-07-09 18:00:00
ultima fecha para control de ejecucion: 2021-07-09 18:00:00
Fecha:  2021-07-09 18:19:40.714148 - Datos Trafico promedios en indice principal: 470
actualizada fecha control de ejecucion: 2021-07-09 18:00:00
ultima fecha para control de ejecucion: 2021-07-09 18:00:00
Fecha:  2021-07-09 18:23:09.080258 - Datos Trafico promedios en indice principal: 470
actualizada fecha control de ejecucion: 2021-07-09 18:00:00
ultima fecha para control de ejecucion: 2021-07-09 18:00:00
Fecha:  2021-07-09 18:26:26.553394 - Datos Trafico promedios en indice principal: 470
actualizada fecha control de ejecucion: 2021-07-09 18:00:00
ultima fecha para control de ejecucion: 2021-07-09 18:00:00
Fecha:  2021-07-09 18:29:53.169271 - Datos Trafico promedios en indice principal: 470
actualizada fecha control de ejecucion: 2021-07-09 18:00:00
ultima fecha para control de ejecucion: 2021-07-09 18:00:00
Fecha:  2021-07-09 18:33:31.615748 - Datos Trafico promedios en indice principal: 470
actualizada fecha control de ejecucion: 2021-07-09 18:00:00
