ultima fecha para control de ejecucion: 2021-07-01 00:00:00
Fecha:  2021-07-08 22:49:05.551772 - Datos Trafico en indice principal: 9
Fecha:  2021-07-08 22:49:05.551772 - No hay datos de concurrencia de conexiones para insetar en indice principal:
actualizada fecha control de ejecucion: 2021-07-01 00:10:00
ultima fecha para control de ejecucion: 2021-07-01 00:10:00
Fecha:  2021-07-08 23:18:41.586411 - Datos Trafico en indice principal: 11
Fecha:  2021-07-08 23:18:41.586411 - No hay datos de concurrencia de conexiones para insetar en indice principal:
actualizada fecha control de ejecucion: 2021-07-01 00:40:00
ultima fecha para control de ejecucion: 2021-07-01 00:40:00
Fecha:  2021-07-09 00:07:32.841135 - Datos Trafico en indice principal: 4
Fecha:  2021-07-09 00:07:32.841135 - No hay datos de concurrencia de conexiones para insetar en indice principal:
actualizada fecha control de ejecucion: 2021-07-01 01:10:00
ultima fecha para control de ejecucion: 2021-07-01 01:10:00
Fecha:  2021-07-09 00:29:59.674835 - Datos Trafico en indice principal: 3
Fecha:  2021-07-09 00:29:59.674835 - No hay datos de concurrencia de conexiones para insetar en indice principal:
actualizada fecha control de ejecucion: 2021-07-01 01:40:00
ultima fecha para control de ejecucion: 2021-07-01 01:40:00
Fecha:  2021-07-09 00:52:33.906002 - Datos Trafico en indice principal: 2
Fecha:  2021-07-09 00:52:33.906002 - No hay datos de concurrencia de conexiones para insetar en indice principal:
actualizada fecha control de ejecucion: 2021-07-01 02:10:00
ultima fecha para control de ejecucion: 2021-07-01 02:10:00
Fecha:  2021-07-09 01:20:49.211418 - Datos Trafico en indice principal: 4
Fecha:  2021-07-09 01:20:49.211418 - No hay datos de concurrencia de conexiones para insetar en indice principal:
actualizada fecha control de ejecucion: 2021-07-01 02:40:00
ultima fecha para control de ejecucion: 2021-07-01 02:40:00
Fecha:  2021-07-09 01:46:24.154602 - Datos Trafico en indice principal: 4
Fecha:  2021-07-09 01:46:24.154602 - No hay datos de concurrencia de conexiones para insetar en indice principal:
actualizada fecha control de ejecucion: 2021-07-01 03:10:00
ultima fecha para control de ejecucion: 2021-07-01 03:10:00
Fecha:  2021-07-09 02:12:18.998119 - Datos Trafico en indice principal: 7
Fecha:  2021-07-09 02:12:18.998119 - No hay datos de concurrencia de conexiones para insetar en indice principal:
actualizada fecha control de ejecucion: 2021-07-01 03:40:00
ultima fecha para control de ejecucion: 2021-07-01 03:40:00
Fecha:  2021-07-09 02:39:57.536160 - Datos Trafico en indice principal: 6
Fecha:  2021-07-09 02:39:57.536160 - No hay datos de concurrencia de conexiones para insetar en indice principal:
actualizada fecha control de ejecucion: 2021-07-01 04:10:00
ultima fecha para control de ejecucion: 2021-07-01 04:10:00
Fecha:  2021-07-09 03:04:31.770057 - Datos Trafico en indice principal: 17
Fecha:  2021-07-09 03:04:31.770057 - No hay datos de concurrencia de conexiones para insetar en indice principal:
actualizada fecha control de ejecucion: 2021-07-01 04:40:00
ultima fecha para control de ejecucion: 2021-07-01 04:40:00
Fecha:  2021-07-09 03:33:26.614133 - Datos Trafico en indice principal: 16
Fecha:  2021-07-09 03:33:26.614133 - Datos Concurrencia de conexiones en indice principal: 1
actualizada fecha control de ejecucion: 2021-07-01 05:10:00
ultima fecha para control de ejecucion: 2021-07-01 05:10:00
Fecha:  2021-07-09 03:57:28.151301 - Datos Trafico en indice principal: 22
Fecha:  2021-07-09 03:57:28.151301 - No hay datos de concurrencia de conexiones para insetar en indice principal:
actualizada fecha control de ejecucion: 2021-07-01 05:40:00
ultima fecha para control de ejecucion: 2021-07-01 05:40:00
Fecha:  2021-07-09 04:25:35.143289 - Datos Trafico en indice principal: 54
Fecha:  2021-07-09 04:25:35.143289 - No hay datos de concurrencia de conexiones para insetar en indice principal:
actualizada fecha control de ejecucion: 2021-07-01 06:10:00
ultima fecha para control de ejecucion: 2021-07-01 06:10:00
Fecha:  2021-07-09 04:47:52.349092 - Datos Trafico en indice principal: 43
Fecha:  2021-07-09 04:47:52.349092 - Datos Concurrencia de conexiones en indice principal: 1
actualizada fecha control de ejecucion: 2021-07-01 06:40:00
ultima fecha para control de ejecucion: 2021-07-01 06:40:00
Fecha:  2021-07-09 05:11:44.522095 - Datos Trafico en indice principal: 62
Fecha:  2021-07-09 05:11:44.522095 - Datos Concurrencia de conexiones en indice principal: 1
actualizada fecha control de ejecucion: 2021-07-01 07:10:00
ultima fecha para control de ejecucion: 2021-07-01 07:10:00
Fecha:  2021-07-09 05:37:54.104333 - Datos Trafico en indice principal: 59
Fecha:  2021-07-09 05:37:54.104333 - No hay datos de concurrencia de conexiones para insetar en indice principal:
actualizada fecha control de ejecucion: 2021-07-01 07:40:00
ultima fecha para control de ejecucion: 2021-07-01 07:40:00
Fecha:  2021-07-09 05:58:49.411818 - Datos Trafico en indice principal: 77
Fecha:  2021-07-09 05:58:49.411818 - Datos Concurrencia de conexiones en indice principal: 1
actualizada fecha control de ejecucion: 2021-07-01 08:10:00
ultima fecha para control de ejecucion: 2021-07-01 08:10:00
Fecha:  2021-07-09 06:25:58.507355 - Datos Trafico en indice principal: 65
Fecha:  2021-07-09 06:25:58.507355 - No hay datos de concurrencia de conexiones para insetar en indice principal:
actualizada fecha control de ejecucion: 2021-07-01 08:40:00
ultima fecha para control de ejecucion: 2021-07-01 08:40:00
Fecha:  2021-07-09 06:47:52.591568 - Datos Trafico en indice principal: 80
Fecha:  2021-07-09 06:47:52.591568 - Datos Concurrencia de conexiones en indice principal: 2
actualizada fecha control de ejecucion: 2021-07-01 09:10:00
ultima fecha para control de ejecucion: 2021-07-01 09:10:00
Fecha:  2021-07-09 07:11:19.535902 - Datos Trafico en indice principal: 87
Fecha:  2021-07-09 07:11:19.535902 - No hay datos de concurrencia de conexiones para insetar en indice principal:
actualizada fecha control de ejecucion: 2021-07-01 09:40:00
ultima fecha para control de ejecucion: 2021-07-01 09:40:00
Fecha:  2021-07-09 07:34:00.211533 - Datos Trafico en indice principal: 97
Fecha:  2021-07-09 07:34:00.211533 - Datos Concurrencia de conexiones en indice principal: 3
actualizada fecha control de ejecucion: 2021-07-01 10:10:00
ultima fecha para control de ejecucion: 2021-07-01 10:10:00
Fecha:  2021-07-09 07:54:28.267997 - Datos Trafico en indice principal: 71
Fecha:  2021-07-09 07:54:28.267997 - Datos Concurrencia de conexiones en indice principal: 1
actualizada fecha control de ejecucion: 2021-07-01 10:40:00
ultima fecha para control de ejecucion: 2021-07-01 10:40:00
Fecha:  2021-07-09 08:21:00.332990 - Datos Trafico en indice principal: 99
Fecha:  2021-07-09 08:21:00.332990 - Datos Concurrencia de conexiones en indice principal: 2
actualizada fecha control de ejecucion: 2021-07-01 11:10:00
ultima fecha para control de ejecucion: 2021-07-01 11:10:00
Fecha:  2021-07-09 08:44:30.821131 - Datos Trafico en indice principal: 108
Fecha:  2021-07-09 08:44:30.821131 - Datos Concurrencia de conexiones en indice principal: 2
actualizada fecha control de ejecucion: 2021-07-01 11:40:00
ultima fecha para control de ejecucion: 2021-07-01 11:40:00
Fecha:  2021-07-09 09:07:16.096750 - Datos Trafico en indice principal: 92
Fecha:  2021-07-09 09:07:16.096750 - No hay datos de concurrencia de conexiones para insetar en indice principal:
actualizada fecha control de ejecucion: 2021-07-01 12:10:00
ultima fecha para control de ejecucion: 2021-07-01 12:10:00
Fecha:  2021-07-09 09:33:31.513272 - Datos Trafico en indice principal: 88
Fecha:  2021-07-09 09:33:31.513272 - No hay datos de concurrencia de conexiones para insetar en indice principal:
actualizada fecha control de ejecucion: 2021-07-01 12:40:00
ultima fecha para control de ejecucion: 2021-07-01 12:40:00
Fecha:  2021-07-09 09:55:12.403228 - Datos Trafico en indice principal: 106
Fecha:  2021-07-09 09:55:12.403228 - No hay datos de concurrencia de conexiones para insetar en indice principal:
actualizada fecha control de ejecucion: 2021-07-01 13:10:00
ultima fecha para control de ejecucion: 2021-07-01 13:10:00
Fecha:  2021-07-09 10:22:20.449674 - Datos Trafico en indice principal: 95
Fecha:  2021-07-09 10:22:20.449674 - Datos Concurrencia de conexiones en indice principal: 1
actualizada fecha control de ejecucion: 2021-07-01 13:40:00
ultima fecha para control de ejecucion: 2021-07-01 13:40:00
Fecha:  2021-07-09 10:47:04.054401 - Datos Trafico en indice principal: 90
Fecha:  2021-07-09 10:47:04.054401 - Datos Concurrencia de conexiones en indice principal: 2
actualizada fecha control de ejecucion: 2021-07-01 14:10:00
ultima fecha para control de ejecucion: 2021-07-01 14:10:00
Fecha:  2021-07-09 11:09:31.659227 - Datos Trafico en indice principal: 91
Fecha:  2021-07-09 11:09:31.659227 - No hay datos de concurrencia de conexiones para insetar en indice principal:
actualizada fecha control de ejecucion: 2021-07-01 14:40:00
ultima fecha para control de ejecucion: 2021-07-01 14:40:00
Fecha:  2021-07-09 11:34:25.663302 - Datos Trafico en indice principal: 90
Fecha:  2021-07-09 11:34:25.663302 - No hay datos de concurrencia de conexiones para insetar en indice principal:
actualizada fecha control de ejecucion: 2021-07-01 15:10:00
ultima fecha para control de ejecucion: 2021-07-01 15:10:00
Fecha:  2021-07-09 11:53:42.143287 - Datos Trafico en indice principal: 97
Fecha:  2021-07-09 11:53:42.143287 - Datos Concurrencia de conexiones en indice principal: 2
actualizada fecha control de ejecucion: 2021-07-01 15:40:00
ultima fecha para control de ejecucion: 2021-07-01 15:40:00
Fecha:  2021-07-09 12:18:35.758129 - Datos Trafico en indice principal: 112
Fecha:  2021-07-09 12:18:35.758129 - No hay datos de concurrencia de conexiones para insetar en indice principal:
actualizada fecha control de ejecucion: 2021-07-01 16:10:00
ultima fecha para control de ejecucion: 2021-07-01 16:10:00
Fecha:  2021-07-09 12:38:16.108131 - Datos Trafico en indice principal: 110
Fecha:  2021-07-09 12:38:16.108131 - Datos Concurrencia de conexiones en indice principal: 2
actualizada fecha control de ejecucion: 2021-07-01 16:40:00
ultima fecha para control de ejecucion: 2021-07-01 16:40:00
Fecha:  2021-07-09 12:57:59.052480 - Datos Trafico en indice principal: 119
Fecha:  2021-07-09 12:57:59.052480 - Datos Concurrencia de conexiones en indice principal: 1
actualizada fecha control de ejecucion: 2021-07-01 17:10:00
ultima fecha para control de ejecucion: 2021-07-01 17:10:00
Fecha:  2021-07-09 13:23:42.034583 - Datos Trafico en indice principal: 43
Fecha:  2021-07-09 13:23:42.034583 - Datos Concurrencia de conexiones en indice principal: 1
actualizada fecha control de ejecucion: 2021-07-01 17:20:00
ultima fecha para control de ejecucion: 2021-07-01 17:20:00
Fecha:  2021-07-09 13:44:36.305934 - Datos Trafico en indice principal: 48
Fecha:  2021-07-09 13:44:36.305934 - No hay datos de concurrencia de conexiones para insetar en indice principal:
actualizada fecha control de ejecucion: 2021-07-01 17:30:00
ultima fecha para control de ejecucion: 2021-07-01 17:30:00
Fecha:  2021-07-09 14:05:01.868092 - Datos Trafico en indice principal: 101
Fecha:  2021-07-09 14:05:01.868092 - Datos Concurrencia de conexiones en indice principal: 2
actualizada fecha control de ejecucion: 2021-07-01 17:40:00
ultima fecha para control de ejecucion: 2021-07-01 17:40:00
Fecha:  2021-07-09 14:30:10.666813 - Datos Trafico en indice principal: 44
Fecha:  2021-07-09 14:30:10.666813 - No hay datos de concurrencia de conexiones para insetar en indice principal:
actualizada fecha control de ejecucion: 2021-07-01 17:50:00
ultima fecha para control de ejecucion: 2021-07-01 17:50:00
Fecha:  2021-07-09 14:51:26.738758 - Datos Trafico en indice principal: 47
Fecha:  2021-07-09 14:51:26.738758 - Datos Concurrencia de conexiones en indice principal: 3
actualizada fecha control de ejecucion: 2021-07-01 18:00:00
